2026-01-06 15:08:56,297 | INFO | 🚀 Processing books from S3
2026-01-06 15:08:56,330 | INFO | 📄 Scanning s3://writing-style/uploads/693f9d52cef2f9280426fa5f/books
2026-01-06 15:08:57,019 | INFO | 📘 Downloading uploads/693f9d52cef2f9280426fa5f/books/78 -  Kovida's Kind Farm .pdf
2026-01-06 15:10:15,788 | INFO | ✅ Extracted 2667 chars
2026-01-06 15:10:40,208 | INFO | 📘 Classified as based on the text provided, this book is an
2026-01-06 15:10:51,800 | INFO | ✅ Uploaded s3://writing-style/outputs/693f9d52cef2f9280426fa5f/books_metadata.json
2026-01-06 16:29:01,445 | INFO | 🚀 Processing books from S3
2026-01-06 16:29:01,458 | INFO | 📄 Scanning s3://writing-style/uploads/693f9d52cef2f9280426fa5f/books
2026-01-06 16:29:01,830 | INFO | 📘 Downloading uploads/693f9d52cef2f9280426fa5f/books/78 -  Kovida's Kind Farm .pdf
2026-01-06 16:29:12,390 | INFO | ✅ Extracted 2667 chars
2026-01-06 16:29:12,395 | INFO | 📘 Downloading uploads/693f9d52cef2f9280426fa5f/books/Aarav & Anayh - Hot Wheels Coloring Book .pdf
2026-01-06 16:29:26,556 | INFO | ✅ Extracted 1866 chars
2026-01-06 16:29:28,331 | INFO | 📘 Classified as coloring_or_activity_book
2026-01-06 16:29:29,114 | INFO | 📘 Classified as coloring_or_activity_book
2026-01-06 16:29:35,761 | INFO | ✅ Uploaded s3://writing-style/outputs/693f9d52cef2f9280426fa5f/books_metadata.json
2026-01-06 16:53:03,694 | INFO | 🚀 Processing books from S3
2026-01-06 16:53:03,788 | INFO | 📄 Scanning s3://writing-style/uploads/693f9d52cef2f9280426fa5f/books
2026-01-06 16:53:04,404 | INFO | 📘 Downloading uploads/693f9d52cef2f9280426fa5f/books/78 -  Kovida's Kind Farm .pdf
2026-01-06 16:53:30,628 | INFO | ✅ Extracted 2667 chars
2026-01-06 16:53:30,634 | INFO | 📘 Downloading uploads/693f9d52cef2f9280426fa5f/books/Aarav & Anayh - Hot Wheels Coloring Book .pdf
2026-01-06 16:53:59,839 | INFO | ✅ Extracted 1866 chars
2026-01-06 16:54:04,508 | INFO | 📘 Classified as based on the text provided, this book is a
2026-01-06 16:54:05,097 | INFO | 📘 Classified as coloring_or_activity_book
2026-01-06 16:54:14,031 | INFO | ✅ Uploaded s3://writing-style/outputs/693f9d52cef2f9280426fa5f/books_metadata.json
2026-01-07 14:40:26,585 | INFO | 🚀 Processing books from S3
2026-01-07 14:40:26,645 | INFO | 📄 Scanning s3://writing-style/uploads/693f9d52cef2f9280426fa5f/books
2026-01-07 14:40:27,024 | INFO | 📘 Downloading uploads/693f9d52cef2f9280426fa5f/books/78 -  Kovida's Kind Farm .pdf
2026-01-07 14:40:40,320 | INFO | ✅ Extracted 2667 chars
2026-01-07 14:40:40,389 | INFO | 📘 Downloading uploads/693f9d52cef2f9280426fa5f/books/Aarav & Anayh - Hot Wheels Coloring Book .pdf
2026-01-07 14:40:58,976 | INFO | ✅ Extracted 1866 chars
2026-01-07 14:41:00,274 | INFO | 📘 Classified as based on the text provided, specifically the instructions "
2026-01-07 14:41:01,187 | INFO | 📘 Classified as coloring_or_activity_book
2026-01-07 14:42:05,532 | INFO | ✅ Uploaded s3://writing-style/outputs/693f9d52cef2f9280426fa5f/books_metadata.json
2026-01-07 15:04:50,951 | INFO | 🚀 Processing books from S3
2026-01-07 15:04:51,002 | INFO | 📄 Scanning s3://writing-style/uploads/693f9d52cef2f9280426fa5f/books
2026-01-07 15:04:51,412 | INFO | 📘 Downloading uploads/693f9d52cef2f9280426fa5f/books/78 -  Kovida's Kind Farm .pdf
2026-01-07 15:05:06,919 | INFO | ✅ Extracted 2667 chars
2026-01-07 15:05:06,927 | INFO | 📘 Downloading uploads/693f9d52cef2f9280426fa5f/books/Aarav & Anayh - Hot Wheels Coloring Book .pdf
2026-01-07 15:05:27,719 | INFO | ✅ Extracted 1866 chars
2026-01-07 15:05:29,627 | INFO | 📘 Classified as based on the text provided, this book is a
2026-01-07 15:05:30,634 | INFO | 📘 Classified as coloring_or_activity_book
2026-01-07 15:05:40,271 | INFO | ✅ Uploaded s3://writing-style/outputs/693f9d52cef2f9280426fa5f/books_metadata.json
2026-01-07 16:01:17,235 | INFO | 🚀 Processing books from S3
2026-01-07 16:01:17,500 | INFO | 📄 Scanning s3://writing-style/uploads/693f9d52cef2f9280426fa5f/books
2026-01-07 16:01:18,537 | INFO | 📘 Downloading uploads/693f9d52cef2f9280426fa5f/books/78 -  Kovida's Kind Farm .pdf
2026-01-07 16:02:32,753 | INFO | ✅ Extracted 2667 chars
2026-01-07 16:02:32,765 | INFO | 📘 Downloading uploads/693f9d52cef2f9280426fa5f/books/Aarav & Anayh - Hot Wheels Coloring Book .pdf
2026-01-07 16:05:10,586 | INFO | ✅ Extracted 1866 chars
2026-01-07 16:05:23,727 | INFO | 📘 Classified as based on the text provided, specifically the instructions "
2026-01-07 16:05:24,334 | INFO | 📘 Classified as coloring_or_activity_book
2026-01-07 16:05:39,751 | INFO | ✅ Uploaded s3://writing-style/outputs/693f9d52cef2f9280426fa5f/books_metadata.json
